[INFO] Extracting squashfs filesystem...
Parallel unsquashfs: Using 56 processors
252259 inodes (406300 blocks) to write


created 207418 files
created 32968 directories
created 8846 symlinks
created 0 devices
created 0 fifos
[I 14:42:13.794 LabApp] Writing notebook server cookie secret to /home2/eung0/.local/share/jupyter/runtime/notebook_cookie_secret
[I 14:42:14.295 LabApp] jupyter_tensorboard extension loaded.
[I 14:42:14.300 LabApp] JupyterLab extension loaded from /opt/conda/lib/python3.8/site-packages/jupyterlab
[I 14:42:14.301 LabApp] JupyterLab application directory is /opt/conda/share/jupyter/lab
[I 14:42:14.303 LabApp] [Jupytext Server Extension] NotebookApp.contents_manager_class is (a subclass of) jupytext.TextFileContentsManager already - OK
[I 14:42:14.303 LabApp] Serving notebooks from local directory: /jupyter-pytorch
[I 14:42:14.303 LabApp] Jupyter Notebook 6.4.1 is running at:
[I 14:42:14.303 LabApp] http://hostname:8888/?token=71b45e04f6a76ebc8fb1508d04e0a12139e9f7e97867e8bd
[I 14:42:14.303 LabApp] Use Control-C to stop this server and shut down all kernels (twice to skip confirmation).
[C 14:42:14.307 LabApp] 
    
    To access the notebook, open this file in a browser:
        file:///home2/eung0/.local/share/jupyter/runtime/nbserver-20895-open.html
    Or copy and paste this URL:
        http://hostname:8888/?token=71b45e04f6a76ebc8fb1508d04e0a12139e9f7e97867e8bd
slurmstepd: error: *** JOB 10906924 ON n082 CANCELLED AT 2023-03-24T17:46:48 ***
